Using pre-set license
Built from '2020.3/staging' branch; Version is '2020.3.26f1 (7298b473bc1a) revision 7510196'; Using compiler version '192528614'; Build Type 'Release'
OS: 'Windows 10  (10.0.19042) 64bit CoreCountrySpecific' Language: 'zh' Physical Memory: 16085 MB
BatchMode: 1, IsHumanControllingUs: 0, StartBugReporterOnCrash: 0, Is64bit: 1, IsPro: 0

COMMAND LINE ARGUMENTS:
C:\Program Files\Unity\Hub\Editor\2020.3.26f1\Editor\Unity.exe
-adb2
-batchMode
-noUpm
-name
AssetImportWorker0
-projectPath
C:/Users/Zhizh/Documents/finalprojectw22-microsoft-2/Sinoda
-logFile
Logs/AssetImportWorker0.log
-srvPort
54447
Successfully changed project path to: C:/Users/Zhizh/Documents/finalprojectw22-microsoft-2/Sinoda
C:/Users/Zhizh/Documents/finalprojectw22-microsoft-2/Sinoda
Using Asset Import Pipeline V2.
Refreshing native plugins compatible for Editor in 36.59 ms, found 2 plugins.
Preloading 0 native plugins for Editor in 0.00 ms.
Initialize engine version: 2020.3.26f1 (7298b473bc1a)
[Subsystems] Discovering subsystems at path C:/Program Files/Unity/Hub/Editor/2020.3.26f1/Editor/Data/Resources/UnitySubsystems
[Subsystems] Discovering subsystems at path C:/Users/Zhizh/Documents/finalprojectw22-microsoft-2/Sinoda/Assets
GfxDevice: creating device client; threaded=0
Direct3D:
    Version:  Direct3D 11.0 [level 11.1]
    Renderer: NVIDIA GeForce RTX 3060 Laptop GPU (ID=0x2520)
    Vendor:   
    VRAM:     6023 MB
    Driver:   30.0.14.9729
Initialize mono
Mono path[0] = 'C:/Program Files/Unity/Hub/Editor/2020.3.26f1/Editor/Data/Managed'
Mono path[1] = 'C:/Program Files/Unity/Hub/Editor/2020.3.26f1/Editor/Data/MonoBleedingEdge/lib/mono/unityjit'
Mono config path = 'C:/Program Files/Unity/Hub/Editor/2020.3.26f1/Editor/Data/MonoBleedingEdge/etc'
Using monoOptions --debugger-agent=transport=dt_socket,embedding=1,server=y,suspend=n,address=127.0.0.1:56544
Begin MonoManager ReloadAssembly
Registering precompiled unity dll's ...
Register platform support module: C:/Program Files/Unity/Hub/Editor/2020.3.26f1/Editor/Data/PlaybackEngines/WindowsStandaloneSupport/UnityEditor.WindowsStandalone.Extensions.dll
Register platform support module: C:/Program Files/Unity/Hub/Editor/2020.3.26f1/Editor/Data/PlaybackEngines/LinuxStandaloneSupport/UnityEditor.LinuxStandalone.Extensions.dll
Registered in 0.001697 seconds.
Native extension for LinuxStandalone target not found
Native extension for WindowsStandalone target not found
Refreshing native plugins compatible for Editor in 39.62 ms, found 2 plugins.
Preloading 0 native plugins for Editor in 0.00 ms.
Mono: successfully reloaded assembly
- Completed reload, in  0.463 seconds
Domain Reload Profiling:
	ReloadAssembly (463ms)
		BeginReloadAssembly (40ms)
			ExecutionOrderSort (0ms)
			DisableScriptedObjects (0ms)
			BackupInstance (0ms)
			ReleaseScriptingObjects (0ms)
			CreateAndSetChildDomain (1ms)
		EndReloadAssembly (366ms)
			LoadAssemblies (38ms)
			RebuildTransferFunctionScriptingTraits (0ms)
			SetupTypeCache (112ms)
			ReleaseScriptCaches (0ms)
			RebuildScriptCaches (22ms)
			SetupLoadedEditorAssemblies (142ms)
				LogAssemblyErrors (0ms)
				InitializePlatformSupportModulesInManaged (5ms)
				SetLoadedEditorAssemblies (0ms)
				RefreshPlugins (40ms)
				BeforeProcessingInitializeOnLoad (8ms)
				ProcessInitializeOnLoadAttributes (67ms)
				ProcessInitializeOnLoadMethodAttributes (22ms)
				AfterProcessingInitializeOnLoad (0ms)
				EditorAssembliesLoaded (0ms)
			ExecutionOrderSort2 (0ms)
			AwakeInstancesAfterBackupRestoration (0ms)
Platform modules already initialized, skipping
Registering precompiled user dll's ...
Registered in 0.003234 seconds.
Begin MonoManager ReloadAssembly
Native extension for LinuxStandalone target not found
Native extension for WindowsStandalone target not found
Refreshing native plugins compatible for Editor in 0.41 ms, found 2 plugins.
Preloading 0 native plugins for Editor in 0.00 ms.
Mono: successfully reloaded assembly
- Completed reload, in  0.842 seconds
Domain Reload Profiling:
	ReloadAssembly (843ms)
		BeginReloadAssembly (134ms)
			ExecutionOrderSort (0ms)
			DisableScriptedObjects (4ms)
			BackupInstance (0ms)
			ReleaseScriptingObjects (0ms)
			CreateAndSetChildDomain (17ms)
		EndReloadAssembly (626ms)
			LoadAssemblies (77ms)
			RebuildTransferFunctionScriptingTraits (0ms)
			SetupTypeCache (209ms)
			ReleaseScriptCaches (0ms)
			RebuildScriptCaches (36ms)
			SetupLoadedEditorAssemblies (238ms)
				LogAssemblyErrors (0ms)
				InitializePlatformSupportModulesInManaged (6ms)
				SetLoadedEditorAssemblies (0ms)
				RefreshPlugins (0ms)
				BeforeProcessingInitializeOnLoad (50ms)
				ProcessInitializeOnLoadAttributes (167ms)
				ProcessInitializeOnLoadMethodAttributes (9ms)
				AfterProcessingInitializeOnLoad (5ms)
				EditorAssembliesLoaded (0ms)
			ExecutionOrderSort2 (0ms)
			AwakeInstancesAfterBackupRestoration (5ms)
Platform modules already initialized, skipping
========================================================================
Worker process is ready to serve import requests
Launched and connected shader compiler UnityShaderCompiler.exe after 0.05 seconds
Refreshing native plugins compatible for Editor in 0.38 ms, found 2 plugins.
Preloading 0 native plugins for Editor in 0.00 ms.
Unloading 1555 Unused Serialized files (Serialized files now loaded: 0)
System memory in use before: 74.1 MB.
System memory in use after: 74.2 MB.

Unloading 19 unused Assets to reduce memory usage. Loaded Objects now: 1994.
Total: 2.023900 ms (FindLiveObjects: 0.098700 ms CreateObjectMapping: 0.031800 ms MarkObjects: 1.824600 ms  DeleteObjects: 0.067700 ms)

AssetImportParameters requested are different than current active one (requested -> active):
  custom:framework-win-MediaFoundation: 216162199b28c13a410421893ffa2e32 -> 
  custom:video-decoder-ogg-theora: a1e56fd34408186e4bbccfd4996cb3dc -> 
  custom:container-muxer-webm: aa71ff27fc2769a1b78a27578f13a17b -> 
  custom:container-demuxer-webm: 4f35f7cbe854078d1ac9338744f61a02 -> 
  custom:container-demuxer-ogg: 62fdf1f143b41e24485cea50d1cbac27 -> 
  custom:video-encoder-webm-vp8: eb34c28f22e8b96e1ab97ce403110664 -> 
  custom:video-decoder-webm-vp8: 9c59270c3fd7afecdb556c50c9e8de78 -> 
  custom:audio-decoder-ogg-vorbis: bf7c407c2cedff20999df2af8eb42d56 -> 
  custom:audio-encoder-webm-vorbis: bf7c407c2cedff20999df2af8eb42d56 -> 
========================================================================
Received Import Request.
  path: Assets/Sinoda_Flower_of_life_round_board_Page_2.png
  artifactKey: Guid(8d6001e7a5592f244a67f08d5def05cd) Importer(815301076,1909f56bfc062723c751e8b465ee728b)
Start importing Assets/Sinoda_Flower_of_life_round_board_Page_2.png using Guid(8d6001e7a5592f244a67f08d5def05cd) Importer(815301076,1909f56bfc062723c751e8b465ee728b)  -> (artifact id: '30529eb332ba5789fa4358c43eacf49a') in 0.099277 seconds 
  Import took 0.101428 seconds .

========================================================================
Received Prepare
Registering precompiled user dll's ...
Registered in 0.002858 seconds.
Begin MonoManager ReloadAssembly
Native extension for LinuxStandalone target not found
Native extension for WindowsStandalone target not found
Refreshing native plugins compatible for Editor in 0.37 ms, found 2 plugins.
Preloading 0 native plugins for Editor in 0.00 ms.
Mono: successfully reloaded assembly
- Completed reload, in  0.694 seconds
Domain Reload Profiling:
	ReloadAssembly (694ms)
		BeginReloadAssembly (84ms)
			ExecutionOrderSort (0ms)
			DisableScriptedObjects (4ms)
			BackupInstance (0ms)
			ReleaseScriptingObjects (0ms)
			CreateAndSetChildDomain (25ms)
		EndReloadAssembly (561ms)
			LoadAssemblies (67ms)
			RebuildTransferFunctionScriptingTraits (0ms)
			SetupTypeCache (200ms)
			ReleaseScriptCaches (1ms)
			RebuildScriptCaches (26ms)
			SetupLoadedEditorAssemblies (199ms)
				LogAssemblyErrors (0ms)
				InitializePlatformSupportModulesInManaged (5ms)
				SetLoadedEditorAssemblies (0ms)
				RefreshPlugins (0ms)
				BeforeProcessingInitializeOnLoad (39ms)
				ProcessInitializeOnLoadAttributes (143ms)
				ProcessInitializeOnLoadMethodAttributes (6ms)
				AfterProcessingInitializeOnLoad (5ms)
				EditorAssembliesLoaded (0ms)
			ExecutionOrderSort2 (0ms)
			AwakeInstancesAfterBackupRestoration (7ms)
Platform modules already initialized, skipping
Refreshing native plugins compatible for Editor in 0.36 ms, found 2 plugins.
Preloading 0 native plugins for Editor in 0.00 ms.
Unloading 1546 Unused Serialized files (Serialized files now loaded: 0)
System memory in use before: 73.6 MB.
System memory in use after: 73.7 MB.

Unloading 14 unused Assets to reduce memory usage. Loaded Objects now: 1999.
Total: 1.971500 ms (FindLiveObjects: 0.106500 ms CreateObjectMapping: 0.027100 ms MarkObjects: 1.822000 ms  DeleteObjects: 0.014700 ms)

AssetImportParameters requested are different than current active one (requested -> active):
  custom:framework-win-MediaFoundation: 216162199b28c13a410421893ffa2e32 -> 
  custom:video-decoder-ogg-theora: a1e56fd34408186e4bbccfd4996cb3dc -> 
  custom:container-muxer-webm: aa71ff27fc2769a1b78a27578f13a17b -> 
  custom:container-demuxer-webm: 4f35f7cbe854078d1ac9338744f61a02 -> 
  custom:container-demuxer-ogg: 62fdf1f143b41e24485cea50d1cbac27 -> 
  custom:video-encoder-webm-vp8: eb34c28f22e8b96e1ab97ce403110664 -> 
  custom:video-decoder-webm-vp8: 9c59270c3fd7afecdb556c50c9e8de78 -> 
  custom:audio-decoder-ogg-vorbis: bf7c407c2cedff20999df2af8eb42d56 -> 
  custom:audio-encoder-webm-vorbis: bf7c407c2cedff20999df2af8eb42d56 -> 
========================================================================
Received Prepare
Registering precompiled user dll's ...
Registered in 0.002860 seconds.
Begin MonoManager ReloadAssembly
Native extension for LinuxStandalone target not found
Native extension for WindowsStandalone target not found
Refreshing native plugins compatible for Editor in 0.34 ms, found 2 plugins.
Preloading 0 native plugins for Editor in 0.00 ms.
Mono: successfully reloaded assembly
- Completed reload, in  0.709 seconds
Domain Reload Profiling:
	ReloadAssembly (709ms)
		BeginReloadAssembly (78ms)
			ExecutionOrderSort (0ms)
			DisableScriptedObjects (3ms)
			BackupInstance (0ms)
			ReleaseScriptingObjects (0ms)
			CreateAndSetChildDomain (24ms)
		EndReloadAssembly (579ms)
			LoadAssemblies (65ms)
			RebuildTransferFunctionScriptingTraits (0ms)
			SetupTypeCache (218ms)
			ReleaseScriptCaches (1ms)
			RebuildScriptCaches (26ms)
			SetupLoadedEditorAssemblies (200ms)
				LogAssemblyErrors (0ms)
				InitializePlatformSupportModulesInManaged (5ms)
				SetLoadedEditorAssemblies (0ms)
				RefreshPlugins (0ms)
				BeforeProcessingInitializeOnLoad (38ms)
				ProcessInitializeOnLoadAttributes (143ms)
				ProcessInitializeOnLoadMethodAttributes (6ms)
				AfterProcessingInitializeOnLoad (7ms)
				EditorAssembliesLoaded (0ms)
			ExecutionOrderSort2 (0ms)
			AwakeInstancesAfterBackupRestoration (7ms)
Platform modules already initialized, skipping
Refreshing native plugins compatible for Editor in 0.36 ms, found 2 plugins.
Preloading 0 native plugins for Editor in 0.00 ms.
Unloading 1546 Unused Serialized files (Serialized files now loaded: 0)
System memory in use before: 73.6 MB.
System memory in use after: 73.7 MB.

Unloading 14 unused Assets to reduce memory usage. Loaded Objects now: 2001.
Total: 2.023000 ms (FindLiveObjects: 0.106200 ms CreateObjectMapping: 0.025600 ms MarkObjects: 1.875400 ms  DeleteObjects: 0.014600 ms)

AssetImportParameters requested are different than current active one (requested -> active):
  custom:framework-win-MediaFoundation: 216162199b28c13a410421893ffa2e32 -> 
  custom:video-decoder-ogg-theora: a1e56fd34408186e4bbccfd4996cb3dc -> 
  custom:container-muxer-webm: aa71ff27fc2769a1b78a27578f13a17b -> 
  custom:container-demuxer-webm: 4f35f7cbe854078d1ac9338744f61a02 -> 
  custom:container-demuxer-ogg: 62fdf1f143b41e24485cea50d1cbac27 -> 
  custom:video-encoder-webm-vp8: eb34c28f22e8b96e1ab97ce403110664 -> 
  custom:video-decoder-webm-vp8: 9c59270c3fd7afecdb556c50c9e8de78 -> 
  custom:audio-decoder-ogg-vorbis: bf7c407c2cedff20999df2af8eb42d56 -> 
  custom:audio-encoder-webm-vorbis: bf7c407c2cedff20999df2af8eb42d56 -> 
========================================================================
Received Import Request.
  Time since last request: 113.779895 seconds.
  path: Assets/InnerDriveStudios/DiceCreator/Prefabs
  artifactKey: Guid(558639803588a5645a91bde0c759495a) Importer(815301076,1909f56bfc062723c751e8b465ee728b)
Start importing Assets/InnerDriveStudios/DiceCreator/Prefabs using Guid(558639803588a5645a91bde0c759495a) Importer(815301076,1909f56bfc062723c751e8b465ee728b)  -> (artifact id: 'b60cdf2346b89c9724b518438c893572') in 0.009472 seconds 
  Import took 0.011832 seconds .

========================================================================
Received Import Request.
  Time since last request: 0.028136 seconds.
  path: Assets/InnerDriveStudios/DiceCreator/Prefabs/DieCollection.prefab
  artifactKey: Guid(5b4aff722c623024680aa21801dd3ca6) Importer(815301076,1909f56bfc062723c751e8b465ee728b)
Start importing Assets/InnerDriveStudios/DiceCreator/Prefabs/DieCollection.prefab using Guid(5b4aff722c623024680aa21801dd3ca6) Importer(815301076,1909f56bfc062723c751e8b465ee728b)  -> (artifact id: 'ddb319611dd157baf35603edc53df95f') in 0.024353 seconds 
  Import took 0.026561 seconds .

========================================================================
Received Import Request.
  Time since last request: 0.000260 seconds.
  path: Assets/InnerDriveStudios/DiceCreator/Prefabs/DieResultTextField.prefab
  artifactKey: Guid(4c79a7e66ca06ca40a26829125201839) Importer(815301076,1909f56bfc062723c751e8b465ee728b)
Start importing Assets/InnerDriveStudios/DiceCreator/Prefabs/DieResultTextField.prefab using Guid(4c79a7e66ca06ca40a26829125201839) Importer(815301076,1909f56bfc062723c751e8b465ee728b)  -> (artifact id: 'ce1a2bc8d1d67f4d30cce0f1c1785d2f') in 0.013782 seconds 
  Import took 0.015888 seconds .

========================================================================
Received Import Request.
  Time since last request: 0.000238 seconds.
  path: Assets/InnerDriveStudios/DiceCreator/Prefabs/RollingArea.prefab
  artifactKey: Guid(c825a794b63c3ff4da9c26839651a40a) Importer(815301076,1909f56bfc062723c751e8b465ee728b)
Start importing Assets/InnerDriveStudios/DiceCreator/Prefabs/RollingArea.prefab using Guid(c825a794b63c3ff4da9c26839651a40a) Importer(815301076,1909f56bfc062723c751e8b465ee728b)  -> (artifact id: '3e959ff46a165beec2e73d65e8dac415') in 0.056187 seconds 
  Import took 0.058449 seconds .

========================================================================
Received Import Request.
  Time since last request: 0.000239 seconds.
  path: Assets/InnerDriveStudios/DiceCreator/Prefabs/DieDebugUI.prefab
  artifactKey: Guid(38304a5e66dc6ea4e98241699419df81) Importer(815301076,1909f56bfc062723c751e8b465ee728b)
Start importing Assets/InnerDriveStudios/DiceCreator/Prefabs/DieDebugUI.prefab using Guid(38304a5e66dc6ea4e98241699419df81) Importer(815301076,1909f56bfc062723c751e8b465ee728b)  -> (artifact id: 'f8847cbbf57f52d05aeaa65b7abaa95a') in 0.014256 seconds 
  Import took 0.016636 seconds .

========================================================================
Received Import Request.
  Time since last request: 0.000266 seconds.
  path: Assets/InnerDriveStudios/DiceCreator/Prefabs/MainDebugUI.prefab
  artifactKey: Guid(5ba36454fc366d84ebb28c9667a3b350) Importer(815301076,1909f56bfc062723c751e8b465ee728b)
Start importing Assets/InnerDriveStudios/DiceCreator/Prefabs/MainDebugUI.prefab using Guid(5ba36454fc366d84ebb28c9667a3b350) Importer(815301076,1909f56bfc062723c751e8b465ee728b)  -> (artifact id: '8fc1b7ea5af4c7227adf28988e01e585') in 0.073315 seconds 
  Import took 0.077823 seconds .

========================================================================
Received Import Request.
  Time since last request: 1.084834 seconds.
  path: Assets/InnerDriveStudios/DiceCreator/Prefabs/PhysicsDice_SampleMultiValue
  artifactKey: Guid(485ecc9d25d330d42991431a09cc79c7) Importer(815301076,1909f56bfc062723c751e8b465ee728b)
Start importing Assets/InnerDriveStudios/DiceCreator/Prefabs/PhysicsDice_SampleMultiValue using Guid(485ecc9d25d330d42991431a09cc79c7) Importer(815301076,1909f56bfc062723c751e8b465ee728b)  -> (artifact id: 'b3e613dc677d60d257dd5f82041ba28e') in 0.006978 seconds 
  Import took 0.009264 seconds .

========================================================================
Received Import Request.
  Time since last request: 0.042501 seconds.
  path: Assets/InnerDriveStudios/DiceCreator/Prefabs/PhysicsDice_SampleMultiValue/D6_A.prefab
  artifactKey: Guid(812eec22371a0a644804302d832f9089) Importer(815301076,1909f56bfc062723c751e8b465ee728b)
Start importing Assets/InnerDriveStudios/DiceCreator/Prefabs/PhysicsDice_SampleMultiValue/D6_A.prefab using Guid(812eec22371a0a644804302d832f9089) Importer(815301076,1909f56bfc062723c751e8b465ee728b)  -> (artifact id: '1e2856b16703a0a2556c8bdd382839bb') in 0.055218 seconds 
  Import took 0.057855 seconds .

========================================================================
Received Import Request.
  Time since last request: 0.000213 seconds.
  path: Assets/InnerDriveStudios/DiceCreator/Prefabs/PhysicsDice_SampleMultiValue/D6_B.prefab
  artifactKey: Guid(7f429bbfc1894ad4499ccd447c7848fd) Importer(815301076,1909f56bfc062723c751e8b465ee728b)
Start importing Assets/InnerDriveStudios/DiceCreator/Prefabs/PhysicsDice_SampleMultiValue/D6_B.prefab using Guid(7f429bbfc1894ad4499ccd447c7848fd) Importer(815301076,1909f56bfc062723c751e8b465ee728b)  -> (artifact id: '8e3d4b59c476328c857c7ca5e73b6ca6') in 0.031551 seconds 
  Import took 0.034262 seconds .

========================================================================
Received Import Request.
  Time since last request: 1.787378 seconds.
  path: Assets/InnerDriveStudios/DiceCreator/Prefabs/PhysicsDice_SingleValue
  artifactKey: Guid(6d1f84c854a63724b8db5ff768be077b) Importer(815301076,1909f56bfc062723c751e8b465ee728b)
Start importing Assets/InnerDriveStudios/DiceCreator/Prefabs/PhysicsDice_SingleValue using Guid(6d1f84c854a63724b8db5ff768be077b) Importer(815301076,1909f56bfc062723c751e8b465ee728b)  -> (artifact id: 'af7238376ea46d5b6e262348848cc47c') in 0.008283 seconds 
  Import took 0.010557 seconds .

========================================================================
Received Import Request.
  Time since last request: 0.043322 seconds.
  path: Assets/InnerDriveStudios/DiceCreator/Prefabs/PhysicsDice_SingleValue/D2.prefab
  artifactKey: Guid(885ec9d35a8ace14eb02a931ae05de39) Importer(815301076,1909f56bfc062723c751e8b465ee728b)
Start importing Assets/InnerDriveStudios/DiceCreator/Prefabs/PhysicsDice_SingleValue/D2.prefab using Guid(885ec9d35a8ace14eb02a931ae05de39) Importer(815301076,1909f56bfc062723c751e8b465ee728b)  -> (artifact id: '6ce844ed345e04ffa5e3a0dee23f6dc6') in 0.034074 seconds 
  Import took 0.036774 seconds .

========================================================================
Received Import Request.
  Time since last request: 0.000226 seconds.
  path: Assets/InnerDriveStudios/DiceCreator/Prefabs/PhysicsDice_SingleValue/D10-00.prefab
  artifactKey: Guid(a7cfda82eded7c248862f8a588bc1472) Importer(815301076,1909f56bfc062723c751e8b465ee728b)
Start importing Assets/InnerDriveStudios/DiceCreator/Prefabs/PhysicsDice_SingleValue/D10-00.prefab using Guid(a7cfda82eded7c248862f8a588bc1472) Importer(815301076,1909f56bfc062723c751e8b465ee728b)  -> (artifact id: '1042888133f981ea6e2a04f850a9ccbc') in 0.037130 seconds 
  Import took 0.039752 seconds .

========================================================================
Received Import Request.
  Time since last request: 0.000234 seconds.
  path: Assets/InnerDriveStudios/DiceCreator/Prefabs/PhysicsDice_SingleValue/D12.prefab
  artifactKey: Guid(ef744bcd101a9da41bffe386846c822d) Importer(815301076,1909f56bfc062723c751e8b465ee728b)
Start importing Assets/InnerDriveStudios/DiceCreator/Prefabs/PhysicsDice_SingleValue/D12.prefab using Guid(ef744bcd101a9da41bffe386846c822d) Importer(815301076,1909f56bfc062723c751e8b465ee728b)  -> (artifact id: '5358ab8f583d306b1aacbfc72b18af16') in 0.041065 seconds 
  Import took 0.043815 seconds .

========================================================================
Received Import Request.
  Time since last request: 0.000225 seconds.
  path: Assets/InnerDriveStudios/DiceCreator/Prefabs/PhysicsDice_SingleValue/D6RPips.prefab
  artifactKey: Guid(8119599d39672654795f7333bb05241d) Importer(815301076,1909f56bfc062723c751e8b465ee728b)
Start importing Assets/InnerDriveStudios/DiceCreator/Prefabs/PhysicsDice_SingleValue/D6RPips.prefab using Guid(8119599d39672654795f7333bb05241d) Importer(815301076,1909f56bfc062723c751e8b465ee728b)  -> (artifact id: 'c6112b28db71a1a809a879d5d75fbf53') in 0.033554 seconds 
  Import took 0.036189 seconds .

========================================================================
Received Import Request.
  Time since last request: 0.000180 seconds.
  path: Assets/InnerDriveStudios/DiceCreator/Prefabs/PhysicsDice_SingleValue/D20.prefab
  artifactKey: Guid(cdc30ce353e5d1a4c9f3dbb748ea77a1) Importer(815301076,1909f56bfc062723c751e8b465ee728b)
Start importing Assets/InnerDriveStudios/DiceCreator/Prefabs/PhysicsDice_SingleValue/D20.prefab using Guid(cdc30ce353e5d1a4c9f3dbb748ea77a1) Importer(815301076,1909f56bfc062723c751e8b465ee728b)  -> (artifact id: 'c6a2b1e914aeef48088d55ee7a76146e') in 0.034239 seconds 
  Import took 0.036864 seconds .

========================================================================
Received Import Request.
  Time since last request: 0.000211 seconds.
  path: Assets/InnerDriveStudios/DiceCreator/Prefabs/PhysicsDice_SingleValue/D6R.prefab
  artifactKey: Guid(f6d16625ac96c3f4d9cd4368295ae1a0) Importer(815301076,1909f56bfc062723c751e8b465ee728b)
Start importing Assets/InnerDriveStudios/DiceCreator/Prefabs/PhysicsDice_SingleValue/D6R.prefab using Guid(f6d16625ac96c3f4d9cd4368295ae1a0) Importer(815301076,1909f56bfc062723c751e8b465ee728b)  -> (artifact id: '01a8a7c2a20568f56eaf4d9d21e207d8') in 0.036329 seconds 
  Import took 0.039059 seconds .

========================================================================
Received Import Request.
  Time since last request: 0.000315 seconds.
  path: Assets/InnerDriveStudios/DiceCreator/Prefabs/PhysicsDice_SingleValue/D4.prefab
  artifactKey: Guid(c531f6dd75f76e5449bf3d1690f80991) Importer(815301076,1909f56bfc062723c751e8b465ee728b)
Start importing Assets/InnerDriveStudios/DiceCreator/Prefabs/PhysicsDice_SingleValue/D4.prefab using Guid(c531f6dd75f76e5449bf3d1690f80991) Importer(815301076,1909f56bfc062723c751e8b465ee728b)  -> (artifact id: '0f27cc65352dc78e808879a3162e56bc') in 0.019668 seconds 
  Import took 0.022379 seconds .

========================================================================
Received Import Request.
  Time since last request: 0.000281 seconds.
  path: Assets/InnerDriveStudios/DiceCreator/Prefabs/PhysicsDice_SingleValue/D8.prefab
  artifactKey: Guid(fb5c41eb9526d0943857b1e1743d0c68) Importer(815301076,1909f56bfc062723c751e8b465ee728b)
Start importing Assets/InnerDriveStudios/DiceCreator/Prefabs/PhysicsDice_SingleValue/D8.prefab using Guid(fb5c41eb9526d0943857b1e1743d0c68) Importer(815301076,1909f56bfc062723c751e8b465ee728b)  -> (artifact id: '6877cf406b68102b546a39386564b7f3') in 0.033506 seconds 
  Import took 0.036192 seconds .

========================================================================
Received Import Request.
  Time since last request: 0.000206 seconds.
  path: Assets/InnerDriveStudios/DiceCreator/Prefabs/PhysicsDice_SingleValue/D6Pips.prefab
  artifactKey: Guid(65dfe471cbfe9f34cb0e1a0d5812ad9f) Importer(815301076,1909f56bfc062723c751e8b465ee728b)
Start importing Assets/InnerDriveStudios/DiceCreator/Prefabs/PhysicsDice_SingleValue/D6Pips.prefab using Guid(65dfe471cbfe9f34cb0e1a0d5812ad9f) Importer(815301076,1909f56bfc062723c751e8b465ee728b)  -> (artifact id: '4854ff17662adcc16e42b99fb6c58774') in 0.031229 seconds 
  Import took 0.033892 seconds .

========================================================================
Received Import Request.
  Time since last request: 0.000248 seconds.
  path: Assets/InnerDriveStudios/DiceCreator/Prefabs/PhysicsDice_SingleValue/D10-0.prefab
  artifactKey: Guid(67480c5a57f5b0343ba7039fb93f07d4) Importer(815301076,1909f56bfc062723c751e8b465ee728b)
Start importing Assets/InnerDriveStudios/DiceCreator/Prefabs/PhysicsDice_SingleValue/D10-0.prefab using Guid(67480c5a57f5b0343ba7039fb93f07d4) Importer(815301076,1909f56bfc062723c751e8b465ee728b)  -> (artifact id: '3a145496c7c679a46bd483009b679169') in 0.030697 seconds 
  Import took 0.033384 seconds .

========================================================================
Received Import Request.
  Time since last request: 0.000194 seconds.
  path: Assets/InnerDriveStudios/DiceCreator/Prefabs/PhysicsDice_SingleValue/D10-X.prefab
  artifactKey: Guid(2e975e6659255ff43ac57c9c49f7d637) Importer(815301076,1909f56bfc062723c751e8b465ee728b)
Start importing Assets/InnerDriveStudios/DiceCreator/Prefabs/PhysicsDice_SingleValue/D10-X.prefab using Guid(2e975e6659255ff43ac57c9c49f7d637) Importer(815301076,1909f56bfc062723c751e8b465ee728b)  -> (artifact id: 'a5aa60a6636b1f49ae6e8d93fd45425b') in 0.032268 seconds 
  Import took 0.034913 seconds .

========================================================================
Received Import Request.
  Time since last request: 0.000226 seconds.
  path: Assets/InnerDriveStudios/DiceCreator/Prefabs/PhysicsDice_SingleValue/D6.prefab
  artifactKey: Guid(b41755172d481ce4abb06cb1d7cf3d46) Importer(815301076,1909f56bfc062723c751e8b465ee728b)
Start importing Assets/InnerDriveStudios/DiceCreator/Prefabs/PhysicsDice_SingleValue/D6.prefab using Guid(b41755172d481ce4abb06cb1d7cf3d46) Importer(815301076,1909f56bfc062723c751e8b465ee728b)  -> (artifact id: 'bd5d193878b7252e6c68daf25f3780b9') in 0.031780 seconds 
  Import took 0.034402 seconds .

========================================================================
Received Prepare
Registering precompiled user dll's ...
Registered in 0.003132 seconds.
Begin MonoManager ReloadAssembly
Native extension for LinuxStandalone target not found
Native extension for WindowsStandalone target not found
Refreshing native plugins compatible for Editor in 0.35 ms, found 2 plugins.
Preloading 0 native plugins for Editor in 0.00 ms.
Mono: successfully reloaded assembly
- Completed reload, in  0.650 seconds
Domain Reload Profiling:
	ReloadAssembly (651ms)
		BeginReloadAssembly (76ms)
			ExecutionOrderSort (0ms)
			DisableScriptedObjects (3ms)
			BackupInstance (0ms)
			ReleaseScriptingObjects (0ms)
			CreateAndSetChildDomain (25ms)
		EndReloadAssembly (530ms)
			LoadAssemblies (58ms)
			RebuildTransferFunctionScriptingTraits (0ms)
			SetupTypeCache (186ms)
			ReleaseScriptCaches (1ms)
			RebuildScriptCaches (25ms)
			SetupLoadedEditorAssemblies (197ms)
				LogAssemblyErrors (0ms)
				InitializePlatformSupportModulesInManaged (5ms)
				SetLoadedEditorAssemblies (0ms)
				RefreshPlugins (0ms)
				BeforeProcessingInitializeOnLoad (37ms)
				ProcessInitializeOnLoadAttributes (143ms)
				ProcessInitializeOnLoadMethodAttributes (6ms)
				AfterProcessingInitializeOnLoad (5ms)
				EditorAssembliesLoaded (0ms)
			ExecutionOrderSort2 (0ms)
			AwakeInstancesAfterBackupRestoration (5ms)
Platform modules already initialized, skipping
Refreshing native plugins compatible for Editor in 0.37 ms, found 2 plugins.
Preloading 0 native plugins for Editor in 0.00 ms.
Unloading 1546 Unused Serialized files (Serialized files now loaded: 0)
System memory in use before: 77.2 MB.
System memory in use after: 77.3 MB.

Unloading 19 unused Assets to reduce memory usage. Loaded Objects now: 2012.
Total: 2.090300 ms (FindLiveObjects: 0.118400 ms CreateObjectMapping: 0.033500 ms MarkObjects: 1.909300 ms  DeleteObjects: 0.028100 ms)

AssetImportParameters requested are different than current active one (requested -> active):
  custom:framework-win-MediaFoundation: 216162199b28c13a410421893ffa2e32 -> 
  custom:video-decoder-ogg-theora: a1e56fd34408186e4bbccfd4996cb3dc -> 
  custom:container-muxer-webm: aa71ff27fc2769a1b78a27578f13a17b -> 
  custom:container-demuxer-webm: 4f35f7cbe854078d1ac9338744f61a02 -> 
  custom:container-demuxer-ogg: 62fdf1f143b41e24485cea50d1cbac27 -> 
  custom:video-encoder-webm-vp8: eb34c28f22e8b96e1ab97ce403110664 -> 
  custom:video-decoder-webm-vp8: 9c59270c3fd7afecdb556c50c9e8de78 -> 
  custom:audio-decoder-ogg-vorbis: bf7c407c2cedff20999df2af8eb42d56 -> 
  custom:audio-encoder-webm-vorbis: bf7c407c2cedff20999df2af8eb42d56 -> 
========================================================================
Received Prepare
Registering precompiled user dll's ...
Registered in 0.002994 seconds.
Begin MonoManager ReloadAssembly
Native extension for LinuxStandalone target not found
Native extension for WindowsStandalone target not found
Refreshing native plugins compatible for Editor in 0.38 ms, found 2 plugins.
Preloading 0 native plugins for Editor in 0.00 ms.
Mono: successfully reloaded assembly
- Completed reload, in  0.658 seconds
Domain Reload Profiling:
	ReloadAssembly (658ms)
		BeginReloadAssembly (76ms)
			ExecutionOrderSort (0ms)
			DisableScriptedObjects (3ms)
			BackupInstance (0ms)
			ReleaseScriptingObjects (0ms)
			CreateAndSetChildDomain (24ms)
		EndReloadAssembly (537ms)
			LoadAssemblies (59ms)
			RebuildTransferFunctionScriptingTraits (0ms)
			SetupTypeCache (191ms)
			ReleaseScriptCaches (1ms)
			RebuildScriptCaches (26ms)
			SetupLoadedEditorAssemblies (194ms)
				LogAssemblyErrors (0ms)
				InitializePlatformSupportModulesInManaged (5ms)
				SetLoadedEditorAssemblies (0ms)
				RefreshPlugins (0ms)
				BeforeProcessingInitializeOnLoad (37ms)
				ProcessInitializeOnLoadAttributes (141ms)
				ProcessInitializeOnLoadMethodAttributes (6ms)
				AfterProcessingInitializeOnLoad (5ms)
				EditorAssembliesLoaded (0ms)
			ExecutionOrderSort2 (0ms)
			AwakeInstancesAfterBackupRestoration (5ms)
Platform modules already initialized, skipping
Refreshing native plugins compatible for Editor in 0.35 ms, found 2 plugins.
Preloading 0 native plugins for Editor in 0.00 ms.
Unloading 1546 Unused Serialized files (Serialized files now loaded: 0)
System memory in use before: 77.2 MB.
System memory in use after: 77.3 MB.

Unloading 14 unused Assets to reduce memory usage. Loaded Objects now: 2014.
Total: 1.948300 ms (FindLiveObjects: 0.098100 ms CreateObjectMapping: 0.025000 ms MarkObjects: 1.808700 ms  DeleteObjects: 0.015200 ms)

AssetImportParameters requested are different than current active one (requested -> active):
  custom:framework-win-MediaFoundation: 216162199b28c13a410421893ffa2e32 -> 
  custom:video-decoder-ogg-theora: a1e56fd34408186e4bbccfd4996cb3dc -> 
  custom:container-muxer-webm: aa71ff27fc2769a1b78a27578f13a17b -> 
  custom:container-demuxer-webm: 4f35f7cbe854078d1ac9338744f61a02 -> 
  custom:container-demuxer-ogg: 62fdf1f143b41e24485cea50d1cbac27 -> 
  custom:video-encoder-webm-vp8: eb34c28f22e8b96e1ab97ce403110664 -> 
  custom:video-decoder-webm-vp8: 9c59270c3fd7afecdb556c50c9e8de78 -> 
  custom:audio-decoder-ogg-vorbis: bf7c407c2cedff20999df2af8eb42d56 -> 
  custom:audio-encoder-webm-vorbis: bf7c407c2cedff20999df2af8eb42d56 -> 
========================================================================
Received Import Request.
  Time since last request: 20.328614 seconds.
  path: Assets/D4.prefab
  artifactKey: Guid(10c860a553104e84d91fddf6a3db1873) Importer(815301076,1909f56bfc062723c751e8b465ee728b)
Start importing Assets/D4.prefab using Guid(10c860a553104e84d91fddf6a3db1873) Importer(815301076,1909f56bfc062723c751e8b465ee728b)  -> (artifact id: '961b778268b46e66b31b9a75919d4c4c') in 0.052364 seconds 
  Import took 0.055218 seconds .

========================================================================
Received Prepare
Registering precompiled user dll's ...
Registered in 0.003116 seconds.
Begin MonoManager ReloadAssembly
Native extension for LinuxStandalone target not found
Native extension for WindowsStandalone target not found
Refreshing native plugins compatible for Editor in 0.35 ms, found 2 plugins.
Preloading 0 native plugins for Editor in 0.00 ms.
Mono: successfully reloaded assembly
- Completed reload, in  0.660 seconds
Domain Reload Profiling:
	ReloadAssembly (660ms)
		BeginReloadAssembly (77ms)
			ExecutionOrderSort (0ms)
			DisableScriptedObjects (3ms)
			BackupInstance (0ms)
			ReleaseScriptingObjects (0ms)
			CreateAndSetChildDomain (24ms)
		EndReloadAssembly (538ms)
			LoadAssemblies (61ms)
			RebuildTransferFunctionScriptingTraits (0ms)
			SetupTypeCache (188ms)
			ReleaseScriptCaches (1ms)
			RebuildScriptCaches (26ms)
			SetupLoadedEditorAssemblies (198ms)
				LogAssemblyErrors (0ms)
				InitializePlatformSupportModulesInManaged (5ms)
				SetLoadedEditorAssemblies (0ms)
				RefreshPlugins (0ms)
				BeforeProcessingInitializeOnLoad (37ms)
				ProcessInitializeOnLoadAttributes (145ms)
				ProcessInitializeOnLoadMethodAttributes (6ms)
				AfterProcessingInitializeOnLoad (5ms)
				EditorAssembliesLoaded (0ms)
			ExecutionOrderSort2 (0ms)
			AwakeInstancesAfterBackupRestoration (5ms)
Platform modules already initialized, skipping
Refreshing native plugins compatible for Editor in 0.36 ms, found 2 plugins.
Preloading 0 native plugins for Editor in 0.00 ms.
Unloading 1546 Unused Serialized files (Serialized files now loaded: 0)
System memory in use before: 77.2 MB.
System memory in use after: 77.3 MB.

Unloading 14 unused Assets to reduce memory usage. Loaded Objects now: 2017.
Total: 2.028300 ms (FindLiveObjects: 0.098100 ms CreateObjectMapping: 0.025300 ms MarkObjects: 1.891100 ms  DeleteObjects: 0.012700 ms)

AssetImportParameters requested are different than current active one (requested -> active):
  custom:framework-win-MediaFoundation: 216162199b28c13a410421893ffa2e32 -> 
  custom:video-decoder-ogg-theora: a1e56fd34408186e4bbccfd4996cb3dc -> 
  custom:container-muxer-webm: aa71ff27fc2769a1b78a27578f13a17b -> 
  custom:container-demuxer-webm: 4f35f7cbe854078d1ac9338744f61a02 -> 
  custom:container-demuxer-ogg: 62fdf1f143b41e24485cea50d1cbac27 -> 
  custom:video-encoder-webm-vp8: eb34c28f22e8b96e1ab97ce403110664 -> 
  custom:video-decoder-webm-vp8: 9c59270c3fd7afecdb556c50c9e8de78 -> 
  custom:audio-decoder-ogg-vorbis: bf7c407c2cedff20999df2af8eb42d56 -> 
  custom:audio-encoder-webm-vorbis: bf7c407c2cedff20999df2af8eb42d56 -> 
========================================================================
Received Prepare
Registering precompiled user dll's ...
Registered in 0.003697 seconds.
Begin MonoManager ReloadAssembly
Native extension for LinuxStandalone target not found
Native extension for WindowsStandalone target not found
Refreshing native plugins compatible for Editor in 0.46 ms, found 2 plugins.
Preloading 0 native plugins for Editor in 0.00 ms.
Mono: successfully reloaded assembly
- Completed reload, in  0.773 seconds
Domain Reload Profiling:
	ReloadAssembly (773ms)
		BeginReloadAssembly (86ms)
			ExecutionOrderSort (0ms)
			DisableScriptedObjects (3ms)
			BackupInstance (0ms)
			ReleaseScriptingObjects (0ms)
			CreateAndSetChildDomain (26ms)
		EndReloadAssembly (638ms)
			LoadAssemblies (71ms)
			RebuildTransferFunctionScriptingTraits (0ms)
			SetupTypeCache (225ms)
			ReleaseScriptCaches (1ms)
			RebuildScriptCaches (29ms)
			SetupLoadedEditorAssemblies (235ms)
				LogAssemblyErrors (0ms)
				InitializePlatformSupportModulesInManaged (6ms)
				SetLoadedEditorAssemblies (0ms)
				RefreshPlugins (1ms)
				BeforeProcessingInitializeOnLoad (44ms)
				ProcessInitializeOnLoadAttributes (171ms)
				ProcessInitializeOnLoadMethodAttributes (7ms)
				AfterProcessingInitializeOnLoad (5ms)
				EditorAssembliesLoaded (0ms)
			ExecutionOrderSort2 (0ms)
			AwakeInstancesAfterBackupRestoration (6ms)
Platform modules already initialized, skipping
Refreshing native plugins compatible for Editor in 0.45 ms, found 2 plugins.
Preloading 0 native plugins for Editor in 0.00 ms.
Unloading 1546 Unused Serialized files (Serialized files now loaded: 0)
System memory in use before: 77.2 MB.
System memory in use after: 77.3 MB.

Unloading 14 unused Assets to reduce memory usage. Loaded Objects now: 2019.
Total: 2.304100 ms (FindLiveObjects: 0.128400 ms CreateObjectMapping: 0.027300 ms MarkObjects: 2.129100 ms  DeleteObjects: 0.018100 ms)

AssetImportParameters requested are different than current active one (requested -> active):
  custom:framework-win-MediaFoundation: 216162199b28c13a410421893ffa2e32 -> 
  custom:video-decoder-ogg-theora: a1e56fd34408186e4bbccfd4996cb3dc -> 
  custom:container-muxer-webm: aa71ff27fc2769a1b78a27578f13a17b -> 
  custom:container-demuxer-webm: 4f35f7cbe854078d1ac9338744f61a02 -> 
  custom:container-demuxer-ogg: 62fdf1f143b41e24485cea50d1cbac27 -> 
  custom:video-encoder-webm-vp8: eb34c28f22e8b96e1ab97ce403110664 -> 
  custom:video-decoder-webm-vp8: 9c59270c3fd7afecdb556c50c9e8de78 -> 
  custom:audio-decoder-ogg-vorbis: bf7c407c2cedff20999df2af8eb42d56 -> 
  custom:audio-encoder-webm-vorbis: bf7c407c2cedff20999df2af8eb42d56 -> 
========================================================================
Received Import Request.
  Time since last request: 45.270512 seconds.
  path: Assets
  artifactKey: Guid(00000000000000001000000000000000) Importer(815301076,1909f56bfc062723c751e8b465ee728b)
Start importing Assets using Guid(00000000000000001000000000000000) Importer(815301076,1909f56bfc062723c751e8b465ee728b)  -> (artifact id: '42d402b061de3733987d63b9cc3b64de') in 0.009129 seconds 
  Import took 0.011415 seconds .

========================================================================
Received Import Request.
  Time since last request: 9.404345 seconds.
  path: Assets/Resources
  artifactKey: Guid(c0cc754aab2e4f3478f687472857dcfb) Importer(815301076,1909f56bfc062723c751e8b465ee728b)
Start importing Assets/Resources using Guid(c0cc754aab2e4f3478f687472857dcfb) Importer(815301076,1909f56bfc062723c751e8b465ee728b)  -> (artifact id: 'f2f8da77852dbb5e7894c2436bd1a7d2') in 0.007443 seconds 
  Import took 0.009731 seconds .

========================================================================
Received Prepare
Registering precompiled user dll's ...
Registered in 0.002854 seconds.
Begin MonoManager ReloadAssembly
Native extension for LinuxStandalone target not found
Native extension for WindowsStandalone target not found
Refreshing native plugins compatible for Editor in 0.38 ms, found 2 plugins.
Preloading 0 native plugins for Editor in 0.00 ms.
Mono: successfully reloaded assembly
- Completed reload, in  0.680 seconds
Domain Reload Profiling:
	ReloadAssembly (680ms)
		BeginReloadAssembly (81ms)
			ExecutionOrderSort (0ms)
			DisableScriptedObjects (3ms)
			BackupInstance (0ms)
			ReleaseScriptingObjects (0ms)
			CreateAndSetChildDomain (22ms)
		EndReloadAssembly (553ms)
			LoadAssemblies (66ms)
			RebuildTransferFunctionScriptingTraits (0ms)
			SetupTypeCache (207ms)
			ReleaseScriptCaches (1ms)
			RebuildScriptCaches (28ms)
			SetupLoadedEditorAssemblies (193ms)
				LogAssemblyErrors (0ms)
				InitializePlatformSupportModulesInManaged (4ms)
				SetLoadedEditorAssemblies (0ms)
				RefreshPlugins (0ms)
				BeforeProcessingInitializeOnLoad (36ms)
				ProcessInitializeOnLoadAttributes (141ms)
				ProcessInitializeOnLoadMethodAttributes (6ms)
				AfterProcessingInitializeOnLoad (5ms)
				EditorAssembliesLoaded (0ms)
			ExecutionOrderSort2 (0ms)
			AwakeInstancesAfterBackupRestoration (5ms)
Platform modules already initialized, skipping
Refreshing native plugins compatible for Editor in 0.36 ms, found 2 plugins.
Preloading 0 native plugins for Editor in 0.00 ms.
Unloading 1546 Unused Serialized files (Serialized files now loaded: 0)
System memory in use before: 77.2 MB.
System memory in use after: 77.3 MB.

Unloading 14 unused Assets to reduce memory usage. Loaded Objects now: 2021.
Total: 1.944600 ms (FindLiveObjects: 0.105700 ms CreateObjectMapping: 0.024400 ms MarkObjects: 1.798900 ms  DeleteObjects: 0.014600 ms)

AssetImportParameters requested are different than current active one (requested -> active):
  custom:framework-win-MediaFoundation: 216162199b28c13a410421893ffa2e32 -> 
  custom:video-decoder-ogg-theora: a1e56fd34408186e4bbccfd4996cb3dc -> 
  custom:container-muxer-webm: aa71ff27fc2769a1b78a27578f13a17b -> 
  custom:container-demuxer-webm: 4f35f7cbe854078d1ac9338744f61a02 -> 
  custom:container-demuxer-ogg: 62fdf1f143b41e24485cea50d1cbac27 -> 
  custom:video-encoder-webm-vp8: eb34c28f22e8b96e1ab97ce403110664 -> 
  custom:video-decoder-webm-vp8: 9c59270c3fd7afecdb556c50c9e8de78 -> 
  custom:audio-decoder-ogg-vorbis: bf7c407c2cedff20999df2af8eb42d56 -> 
  custom:audio-encoder-webm-vorbis: bf7c407c2cedff20999df2af8eb42d56 -> 
========================================================================
Received Prepare
Registering precompiled user dll's ...
Registered in 0.002955 seconds.
Begin MonoManager ReloadAssembly
Native extension for LinuxStandalone target not found
Native extension for WindowsStandalone target not found
Refreshing native plugins compatible for Editor in 0.39 ms, found 2 plugins.
Preloading 0 native plugins for Editor in 0.00 ms.
Mono: successfully reloaded assembly
- Completed reload, in  0.653 seconds
Domain Reload Profiling:
	ReloadAssembly (654ms)
		BeginReloadAssembly (76ms)
			ExecutionOrderSort (0ms)
			DisableScriptedObjects (3ms)
			BackupInstance (0ms)
			ReleaseScriptingObjects (0ms)
			CreateAndSetChildDomain (22ms)
		EndReloadAssembly (533ms)
			LoadAssemblies (61ms)
			RebuildTransferFunctionScriptingTraits (0ms)
			SetupTypeCache (188ms)
			ReleaseScriptCaches (1ms)
			RebuildScriptCaches (27ms)
			SetupLoadedEditorAssemblies (194ms)
				LogAssemblyErrors (0ms)
				InitializePlatformSupportModulesInManaged (5ms)
				SetLoadedEditorAssemblies (0ms)
				RefreshPlugins (0ms)
				BeforeProcessingInitializeOnLoad (38ms)
				ProcessInitializeOnLoadAttributes (140ms)
				ProcessInitializeOnLoadMethodAttributes (6ms)
				AfterProcessingInitializeOnLoad (4ms)
				EditorAssembliesLoaded (0ms)
			ExecutionOrderSort2 (0ms)
			AwakeInstancesAfterBackupRestoration (4ms)
Platform modules already initialized, skipping
Refreshing native plugins compatible for Editor in 0.58 ms, found 2 plugins.
Preloading 0 native plugins for Editor in 0.00 ms.
Unloading 1546 Unused Serialized files (Serialized files now loaded: 0)
System memory in use before: 77.2 MB.
System memory in use after: 77.3 MB.

Unloading 14 unused Assets to reduce memory usage. Loaded Objects now: 2023.
Total: 2.190800 ms (FindLiveObjects: 0.129600 ms CreateObjectMapping: 0.025300 ms MarkObjects: 2.012000 ms  DeleteObjects: 0.023000 ms)

AssetImportParameters requested are different than current active one (requested -> active):
  custom:framework-win-MediaFoundation: 216162199b28c13a410421893ffa2e32 -> 
  custom:video-decoder-ogg-theora: a1e56fd34408186e4bbccfd4996cb3dc -> 
  custom:container-muxer-webm: aa71ff27fc2769a1b78a27578f13a17b -> 
  custom:container-demuxer-webm: 4f35f7cbe854078d1ac9338744f61a02 -> 
  custom:container-demuxer-ogg: 62fdf1f143b41e24485cea50d1cbac27 -> 
  custom:video-encoder-webm-vp8: eb34c28f22e8b96e1ab97ce403110664 -> 
  custom:video-decoder-webm-vp8: 9c59270c3fd7afecdb556c50c9e8de78 -> 
  custom:audio-decoder-ogg-vorbis: bf7c407c2cedff20999df2af8eb42d56 -> 
  custom:audio-encoder-webm-vorbis: bf7c407c2cedff20999df2af8eb42d56 -> 
========================================================================
Received Prepare
Registering precompiled user dll's ...
Registered in 0.002845 seconds.
Begin MonoManager ReloadAssembly
Native extension for LinuxStandalone target not found
Native extension for WindowsStandalone target not found
Refreshing native plugins compatible for Editor in 0.38 ms, found 2 plugins.
Preloading 0 native plugins for Editor in 0.00 ms.
Mono: successfully reloaded assembly
- Completed reload, in  0.675 seconds
Domain Reload Profiling:
	ReloadAssembly (675ms)
		BeginReloadAssembly (77ms)
			ExecutionOrderSort (0ms)
			DisableScriptedObjects (3ms)
			BackupInstance (0ms)
			ReleaseScriptingObjects (0ms)
			CreateAndSetChildDomain (23ms)
		EndReloadAssembly (551ms)
			LoadAssemblies (59ms)
			RebuildTransferFunctionScriptingTraits (0ms)
			SetupTypeCache (208ms)
			ReleaseScriptCaches (1ms)
			RebuildScriptCaches (26ms)
			SetupLoadedEditorAssemblies (195ms)
				LogAssemblyErrors (0ms)
				InitializePlatformSupportModulesInManaged (4ms)
				SetLoadedEditorAssemblies (0ms)
				RefreshPlugins (0ms)
				BeforeProcessingInitializeOnLoad (36ms)
				ProcessInitializeOnLoadAttributes (143ms)
				ProcessInitializeOnLoadMethodAttributes (6ms)
				AfterProcessingInitializeOnLoad (4ms)
				EditorAssembliesLoaded (0ms)
			ExecutionOrderSort2 (0ms)
			AwakeInstancesAfterBackupRestoration (5ms)
Platform modules already initialized, skipping
Refreshing native plugins compatible for Editor in 0.35 ms, found 2 plugins.
Preloading 0 native plugins for Editor in 0.00 ms.
Unloading 1546 Unused Serialized files (Serialized files now loaded: 0)
System memory in use before: 77.2 MB.
System memory in use after: 77.3 MB.

Unloading 14 unused Assets to reduce memory usage. Loaded Objects now: 2025.
Total: 1.976500 ms (FindLiveObjects: 0.102900 ms CreateObjectMapping: 0.026500 ms MarkObjects: 1.830700 ms  DeleteObjects: 0.015200 ms)

AssetImportParameters requested are different than current active one (requested -> active):
  custom:framework-win-MediaFoundation: 216162199b28c13a410421893ffa2e32 -> 
  custom:video-decoder-ogg-theora: a1e56fd34408186e4bbccfd4996cb3dc -> 
  custom:container-muxer-webm: aa71ff27fc2769a1b78a27578f13a17b -> 
  custom:container-demuxer-webm: 4f35f7cbe854078d1ac9338744f61a02 -> 
  custom:container-demuxer-ogg: 62fdf1f143b41e24485cea50d1cbac27 -> 
  custom:video-encoder-webm-vp8: eb34c28f22e8b96e1ab97ce403110664 -> 
  custom:video-decoder-webm-vp8: 9c59270c3fd7afecdb556c50c9e8de78 -> 
  custom:audio-decoder-ogg-vorbis: bf7c407c2cedff20999df2af8eb42d56 -> 
  custom:audio-encoder-webm-vorbis: bf7c407c2cedff20999df2af8eb42d56 -> 
========================================================================
Received Import Request.
  Time since last request: 158.437922 seconds.
  path: Assets/cameraInteract.cs
  artifactKey: Guid(37574319d20eb6f49a11210f7389597c) Importer(815301076,1909f56bfc062723c751e8b465ee728b)
Start importing Assets/cameraInteract.cs using Guid(37574319d20eb6f49a11210f7389597c) Importer(815301076,1909f56bfc062723c751e8b465ee728b)  -> (artifact id: '4700e96558c8ddfce1f96726e77c73fa') in 0.011490 seconds 
  Import took 0.013825 seconds .

========================================================================
Received Import Request.
  Time since last request: 521.100041 seconds.
  path: Assets/Scenes
  artifactKey: Guid(aa45ecee99387d6409842a916106accf) Importer(815301076,1909f56bfc062723c751e8b465ee728b)
Start importing Assets/Scenes using Guid(aa45ecee99387d6409842a916106accf) Importer(815301076,1909f56bfc062723c751e8b465ee728b)  -> (artifact id: 'c2c0c2e414792c006d697a8eceed748e') in 0.007005 seconds 
  Import took 0.010564 seconds .

========================================================================
Received Import Request.
  Time since last request: 0.468245 seconds.
  path: Assets/Scripts
  artifactKey: Guid(7d15a1c71e4c70f4cadf6a3fb8e241ab) Importer(815301076,1909f56bfc062723c751e8b465ee728b)
Start importing Assets/Scripts using Guid(7d15a1c71e4c70f4cadf6a3fb8e241ab) Importer(815301076,1909f56bfc062723c751e8b465ee728b)  -> (artifact id: '62b04124176fe3fd49d66457b7640748') in 0.007344 seconds 
  Import took 0.009808 seconds .

========================================================================
Received Import Request.
  Time since last request: 1.839053 seconds.
  path: Assets/Scripts/Slots.cs
  artifactKey: Guid(a430a59e5744d154a8923ce4d855d118) Importer(815301076,1909f56bfc062723c751e8b465ee728b)
Start importing Assets/Scripts/Slots.cs using Guid(a430a59e5744d154a8923ce4d855d118) Importer(815301076,1909f56bfc062723c751e8b465ee728b)  -> (artifact id: 'c524f737a3f519f4264ee4f5b296c261') in 0.007614 seconds 
  Import took 0.010006 seconds .

========================================================================
Received Prepare
Registering precompiled user dll's ...
Registered in 0.005359 seconds.
Begin MonoManager ReloadAssembly
Native extension for LinuxStandalone target not found
Native extension for WindowsStandalone target not found
Refreshing native plugins compatible for Editor in 0.39 ms, found 2 plugins.
Preloading 0 native plugins for Editor in 0.00 ms.
Mono: successfully reloaded assembly
- Completed reload, in  0.960 seconds
Domain Reload Profiling:
	ReloadAssembly (961ms)
		BeginReloadAssembly (101ms)
			ExecutionOrderSort (0ms)
			DisableScriptedObjects (4ms)
			BackupInstance (0ms)
			ReleaseScriptingObjects (0ms)
			CreateAndSetChildDomain (33ms)
		EndReloadAssembly (798ms)
			LoadAssemblies (83ms)
			RebuildTransferFunctionScriptingTraits (0ms)
			SetupTypeCache (300ms)
			ReleaseScriptCaches (2ms)
			RebuildScriptCaches (37ms)
			SetupLoadedEditorAssemblies (275ms)
				LogAssemblyErrors (0ms)
				InitializePlatformSupportModulesInManaged (6ms)
				SetLoadedEditorAssemblies (0ms)
				RefreshPlugins (0ms)
				BeforeProcessingInitializeOnLoad (50ms)
				ProcessInitializeOnLoadAttributes (203ms)
				ProcessInitializeOnLoadMethodAttributes (9ms)
				AfterProcessingInitializeOnLoad (5ms)
				EditorAssembliesLoaded (0ms)
			ExecutionOrderSort2 (0ms)
			AwakeInstancesAfterBackupRestoration (7ms)
Platform modules already initialized, skipping
Refreshing native plugins compatible for Editor in 0.46 ms, found 2 plugins.
Preloading 0 native plugins for Editor in 0.00 ms.
Unloading 1546 Unused Serialized files (Serialized files now loaded: 0)
System memory in use before: 77.2 MB.
System memory in use after: 77.3 MB.

Unloading 14 unused Assets to reduce memory usage. Loaded Objects now: 2027.
Total: 2.567700 ms (FindLiveObjects: 0.144900 ms CreateObjectMapping: 0.044700 ms MarkObjects: 2.358400 ms  DeleteObjects: 0.018000 ms)

AssetImportParameters requested are different than current active one (requested -> active):
  custom:framework-win-MediaFoundation: 216162199b28c13a410421893ffa2e32 -> 
  custom:video-decoder-ogg-theora: a1e56fd34408186e4bbccfd4996cb3dc -> 
  custom:container-muxer-webm: aa71ff27fc2769a1b78a27578f13a17b -> 
  custom:container-demuxer-webm: 4f35f7cbe854078d1ac9338744f61a02 -> 
  custom:container-demuxer-ogg: 62fdf1f143b41e24485cea50d1cbac27 -> 
  custom:video-encoder-webm-vp8: eb34c28f22e8b96e1ab97ce403110664 -> 
  custom:video-decoder-webm-vp8: 9c59270c3fd7afecdb556c50c9e8de78 -> 
  custom:audio-decoder-ogg-vorbis: bf7c407c2cedff20999df2af8eb42d56 -> 
  custom:audio-encoder-webm-vorbis: bf7c407c2cedff20999df2af8eb42d56 -> 
========================================================================
Received Import Request.
  Time since last request: 262.787017 seconds.
  path: Assets/Scripts/CapturePlate.cs
  artifactKey: Guid(310aa0c2a3a010c4da8b7a2dfb9879be) Importer(815301076,1909f56bfc062723c751e8b465ee728b)
Start importing Assets/Scripts/CapturePlate.cs using Guid(310aa0c2a3a010c4da8b7a2dfb9879be) Importer(815301076,1909f56bfc062723c751e8b465ee728b)  -> (artifact id: '897a4b093a08764e3537b4261f6bfef5') in 0.013047 seconds 
  Import took 0.015984 seconds .

========================================================================
Received Import Request.
  Time since last request: 9.068250 seconds.
  path: Assets/Scripts/Piece.cs
  artifactKey: Guid(d8fc8670e5dd4e34f9ecb449df3a57aa) Importer(815301076,1909f56bfc062723c751e8b465ee728b)
Start importing Assets/Scripts/Piece.cs using Guid(d8fc8670e5dd4e34f9ecb449df3a57aa) Importer(815301076,1909f56bfc062723c751e8b465ee728b)  -> (artifact id: '0b89b0dce0d60e28a73eb29b377545c7') in 0.009403 seconds 
  Import took 0.012474 seconds .

========================================================================
Received Import Request.
  Time since last request: 10.197401 seconds.
  path: Assets/Scripts/Player.cs
  artifactKey: Guid(5009833bf8e75e4478b6792254b72aea) Importer(815301076,1909f56bfc062723c751e8b465ee728b)
Start importing Assets/Scripts/Player.cs using Guid(5009833bf8e75e4478b6792254b72aea) Importer(815301076,1909f56bfc062723c751e8b465ee728b)  -> (artifact id: '2560c21a1be53ab97d45947ba6081a1c') in 0.008427 seconds 
  Import took 0.012156 seconds .

========================================================================
Received Import Request.
  Time since last request: 0.567586 seconds.
  path: Assets/Scripts/SmallBoardInit.cs
  artifactKey: Guid(29cbc40bb8fe7ff42be15f7d0e833de1) Importer(815301076,1909f56bfc062723c751e8b465ee728b)
Start importing Assets/Scripts/SmallBoardInit.cs using Guid(29cbc40bb8fe7ff42be15f7d0e833de1) Importer(815301076,1909f56bfc062723c751e8b465ee728b)  -> (artifact id: 'b0ffab96e4e9023c818e154873d7db32') in 0.010452 seconds 
  Import took 0.013182 seconds .

========================================================================
Received Import Request.
  Time since last request: 0.508677 seconds.
  path: Assets/Scripts/triangle.cs
  artifactKey: Guid(3c3c5b716a9ac794a8e82c96b236589d) Importer(815301076,1909f56bfc062723c751e8b465ee728b)
Start importing Assets/Scripts/triangle.cs using Guid(3c3c5b716a9ac794a8e82c96b236589d) Importer(815301076,1909f56bfc062723c751e8b465ee728b)  -> (artifact id: '0f4db613d9f81503e8b4856cc7bb3fc1') in 0.009549 seconds 
  Import took 0.012821 seconds .

========================================================================
Received Import Request.
  Time since last request: 0.500461 seconds.
  path: Assets/Scripts/TwoPlayerConfiguration.cs
  artifactKey: Guid(d9e7939fd2260d947b82cf47442ba224) Importer(815301076,1909f56bfc062723c751e8b465ee728b)
Start importing Assets/Scripts/TwoPlayerConfiguration.cs using Guid(d9e7939fd2260d947b82cf47442ba224) Importer(815301076,1909f56bfc062723c751e8b465ee728b)  -> (artifact id: 'd6911094e174a2fd15fc6d4d04c57672') in 0.009601 seconds 
  Import took 0.013320 seconds .

========================================================================
Received Prepare
Registering precompiled user dll's ...
Registered in 0.003354 seconds.
Begin MonoManager ReloadAssembly
Native extension for LinuxStandalone target not found
Native extension for WindowsStandalone target not found
Refreshing native plugins compatible for Editor in 0.41 ms, found 2 plugins.
Preloading 0 native plugins for Editor in 0.00 ms.
Mono: successfully reloaded assembly
- Completed reload, in  0.931 seconds
Domain Reload Profiling:
	ReloadAssembly (932ms)
		BeginReloadAssembly (104ms)
			ExecutionOrderSort (0ms)
			DisableScriptedObjects (4ms)
			BackupInstance (0ms)
			ReleaseScriptingObjects (0ms)
			CreateAndSetChildDomain (34ms)
		EndReloadAssembly (765ms)
			LoadAssemblies (84ms)
			RebuildTransferFunctionScriptingTraits (0ms)
			SetupTypeCache (306ms)
			ReleaseScriptCaches (1ms)
			RebuildScriptCaches (39ms)
			SetupLoadedEditorAssemblies (243ms)
				LogAssemblyErrors (0ms)
				InitializePlatformSupportModulesInManaged (5ms)
				SetLoadedEditorAssemblies (0ms)
				RefreshPlugins (0ms)
				BeforeProcessingInitializeOnLoad (46ms)
				ProcessInitializeOnLoadAttributes (177ms)
				ProcessInitializeOnLoadMethodAttributes (8ms)
				AfterProcessingInitializeOnLoad (6ms)
				EditorAssembliesLoaded (0ms)
			ExecutionOrderSort2 (0ms)
			AwakeInstancesAfterBackupRestoration (5ms)
Platform modules already initialized, skipping
Refreshing native plugins compatible for Editor in 0.46 ms, found 2 plugins.
Preloading 0 native plugins for Editor in 0.00 ms.
Unloading 1546 Unused Serialized files (Serialized files now loaded: 0)
System memory in use before: 77.2 MB.
System memory in use after: 77.3 MB.

Unloading 14 unused Assets to reduce memory usage. Loaded Objects now: 2029.
Total: 2.839500 ms (FindLiveObjects: 0.189200 ms CreateObjectMapping: 0.055000 ms MarkObjects: 2.560900 ms  DeleteObjects: 0.032700 ms)

AssetImportParameters requested are different than current active one (requested -> active):
  custom:framework-win-MediaFoundation: 216162199b28c13a410421893ffa2e32 -> 
  custom:video-decoder-ogg-theora: a1e56fd34408186e4bbccfd4996cb3dc -> 
  custom:container-muxer-webm: aa71ff27fc2769a1b78a27578f13a17b -> 
  custom:container-demuxer-webm: 4f35f7cbe854078d1ac9338744f61a02 -> 
  custom:container-demuxer-ogg: 62fdf1f143b41e24485cea50d1cbac27 -> 
  custom:video-encoder-webm-vp8: eb34c28f22e8b96e1ab97ce403110664 -> 
  custom:video-decoder-webm-vp8: 9c59270c3fd7afecdb556c50c9e8de78 -> 
  custom:audio-decoder-ogg-vorbis: bf7c407c2cedff20999df2af8eb42d56 -> 
  custom:audio-encoder-webm-vorbis: bf7c407c2cedff20999df2af8eb42d56 -> 
========================================================================
Received Import Request.
  Time since last request: 1947.288249 seconds.
  path: Assets/cameraInteract.cs
  artifactKey: Guid(37574319d20eb6f49a11210f7389597c) Importer(815301076,1909f56bfc062723c751e8b465ee728b)
Start importing Assets/cameraInteract.cs using Guid(37574319d20eb6f49a11210f7389597c) Importer(815301076,1909f56bfc062723c751e8b465ee728b)  -> (artifact id: '9d798ecc756747f1f15b294a49bfca16') in 0.010990 seconds 
  Import took 0.015457 seconds .

========================================================================
Received Prepare
Registering precompiled user dll's ...
Registered in 0.003657 seconds.
Begin MonoManager ReloadAssembly
Native extension for LinuxStandalone target not found
Native extension for WindowsStandalone target not found
Refreshing native plugins compatible for Editor in 0.39 ms, found 2 plugins.
Preloading 0 native plugins for Editor in 0.00 ms.
Mono: successfully reloaded assembly
- Completed reload, in  0.914 seconds
Domain Reload Profiling:
	ReloadAssembly (914ms)
		BeginReloadAssembly (97ms)
			ExecutionOrderSort (0ms)
			DisableScriptedObjects (4ms)
			BackupInstance (0ms)
			ReleaseScriptingObjects (0ms)
			CreateAndSetChildDomain (31ms)
		EndReloadAssembly (760ms)
			LoadAssemblies (80ms)
			RebuildTransferFunctionScriptingTraits (0ms)
			SetupTypeCache (275ms)
			ReleaseScriptCaches (1ms)
			RebuildScriptCaches (35ms)
			SetupLoadedEditorAssemblies (279ms)
				LogAssemblyErrors (0ms)
				InitializePlatformSupportModulesInManaged (8ms)
				SetLoadedEditorAssemblies (0ms)
				RefreshPlugins (0ms)
				BeforeProcessingInitializeOnLoad (56ms)
				ProcessInitializeOnLoadAttributes (199ms)
				ProcessInitializeOnLoadMethodAttributes (9ms)
				AfterProcessingInitializeOnLoad (6ms)
				EditorAssembliesLoaded (0ms)
			ExecutionOrderSort2 (0ms)
			AwakeInstancesAfterBackupRestoration (6ms)
Platform modules already initialized, skipping
Refreshing native plugins compatible for Editor in 0.47 ms, found 2 plugins.
Preloading 0 native plugins for Editor in 0.00 ms.
Unloading 1547 Unused Serialized files (Serialized files now loaded: 0)
System memory in use before: 77.3 MB.
System memory in use after: 77.4 MB.

Unloading 14 unused Assets to reduce memory usage. Loaded Objects now: 2032.
Total: 2.564300 ms (FindLiveObjects: 0.239400 ms CreateObjectMapping: 0.084500 ms MarkObjects: 2.221300 ms  DeleteObjects: 0.016900 ms)

AssetImportParameters requested are different than current active one (requested -> active):
  custom:framework-win-MediaFoundation: 216162199b28c13a410421893ffa2e32 -> 
  custom:video-decoder-ogg-theora: a1e56fd34408186e4bbccfd4996cb3dc -> 
  custom:container-muxer-webm: aa71ff27fc2769a1b78a27578f13a17b -> 
  custom:container-demuxer-webm: 4f35f7cbe854078d1ac9338744f61a02 -> 
  custom:container-demuxer-ogg: 62fdf1f143b41e24485cea50d1cbac27 -> 
  custom:video-encoder-webm-vp8: eb34c28f22e8b96e1ab97ce403110664 -> 
  custom:video-decoder-webm-vp8: 9c59270c3fd7afecdb556c50c9e8de78 -> 
  custom:audio-decoder-ogg-vorbis: bf7c407c2cedff20999df2af8eb42d56 -> 
  custom:audio-encoder-webm-vorbis: bf7c407c2cedff20999df2af8eb42d56 -> 
========================================================================
Received Import Request.
  Time since last request: 21.122048 seconds.
  path: Assets/Resources/D4.prefab
  artifactKey: Guid(10c860a553104e84d91fddf6a3db1873) Importer(815301076,1909f56bfc062723c751e8b465ee728b)
Start importing Assets/Resources/D4.prefab using Guid(10c860a553104e84d91fddf6a3db1873) Importer(815301076,1909f56bfc062723c751e8b465ee728b)  -> (artifact id: '6342b745bd6f36f351d9febb549d624b') in 0.117678 seconds 
  Import took 0.121332 seconds .

========================================================================
Received Import Request.
  Time since last request: 0.373041 seconds.
  path: Assets/DiceNew.cs
  artifactKey: Guid(62f7d3be1ddeff246ba4f0b89dce4e94) Importer(815301076,1909f56bfc062723c751e8b465ee728b)
Start importing Assets/DiceNew.cs using Guid(62f7d3be1ddeff246ba4f0b89dce4e94) Importer(815301076,1909f56bfc062723c751e8b465ee728b)  -> (artifact id: '3bc4e99eacf0a45062ebd748a4738048') in 0.009492 seconds 
  Import took 0.013217 seconds .

========================================================================
Received Import Request.
  Time since last request: 95.046404 seconds.
  path: ProjectSettings/TagManager.asset
  artifactKey: Guid(00000000000000003000000000000000) Importer(815301076,1909f56bfc062723c751e8b465ee728b)
Start importing ProjectSettings/TagManager.asset using Guid(00000000000000003000000000000000) Importer(815301076,1909f56bfc062723c751e8b465ee728b)  -> (artifact id: '5c03622305c9c8c80b406d7f65a2516d') in 0.011989 seconds 
  Import took 0.017451 seconds .

AssetImportWorkerClient::OnTransportError - code=2 error=End of file
